<?xml version="1.0" encoding="UTF-8"?>
<!-- Generated by org.testng.reporters.JUnitXMLReporter -->
<testsuite hostname="MIBLR-LP0015" ignored="0" name="Cap Pro Approved" tests="6" failures="0" timestamp="2021-03-29T20:16:21 IST" time="0.361" errors="0">
  <testcase name="@BeforeMethod setUp" time="0.24" classname="com.adjudication.test.viewclaims.capprofessional.deny.DenyToPrebatchFromCAPProTest">
    <failure type="java.lang.NullPointerException">
      <![CDATA[java.lang.NullPointerException
at com.adjudication.utils.MyLogger.logError(MyLogger.java:29)
at com.adjudication.test.viewclaims.capprofessional.deny.DenyToPrebatchFromCAPProTest.setUp(DenyToPrebatchFromCAPProTest.java:69)
at java.util.concurrent.ThreadPoolExecutor.runWorker(ThreadPoolExecutor.java:1149)
at java.util.concurrent.ThreadPoolExecutor$Worker.run(ThreadPoolExecutor.java:624)
at java.lang.Thread.run(Thread.java:748)
... Removed 16 stack frames]]>
    </failure>
  </testcase> <!-- @BeforeMethod setUp -->
  <testcase name="@BeforeMethod setUp" time="0.241" classname="com.adjudication.test.viewclaims.capprofessional.pend.ViewClaimsFromCAPProApproved">
    <failure type="java.lang.NullPointerException">
      <![CDATA[java.lang.NullPointerException
at com.adjudication.utils.MyLogger.logError(MyLogger.java:29)
at com.adjudication.test.viewclaims.capprofessional.pend.ViewClaimsFromCAPProApproved.setUp(ViewClaimsFromCAPProApproved.java:79)
at java.util.concurrent.ThreadPoolExecutor.runWorker(ThreadPoolExecutor.java:1149)
at java.util.concurrent.ThreadPoolExecutor$Worker.run(ThreadPoolExecutor.java:624)
at java.lang.Thread.run(Thread.java:748)
... Removed 16 stack frames]]>
    </failure>
  </testcase> <!-- @BeforeMethod setUp -->
  <testcase name="@BeforeMethod setUp" time="0.241" classname="com.adjudication.test.viewclaims.capprofessional.pend.ViewClaimsFromCAPProApproved">
    <failure type="java.lang.NullPointerException">
      <![CDATA[java.lang.NullPointerException
at com.adjudication.utils.MyLogger.logError(MyLogger.java:29)
at com.adjudication.test.viewclaims.capprofessional.pend.ViewClaimsFromCAPProApproved.setUp(ViewClaimsFromCAPProApproved.java:79)
at java.util.concurrent.ThreadPoolExecutor.runWorker(ThreadPoolExecutor.java:1149)
at java.util.concurrent.ThreadPoolExecutor$Worker.run(ThreadPoolExecutor.java:624)
at java.lang.Thread.run(Thread.java:748)
... Removed 16 stack frames]]>
    </failure>
  </testcase> <!-- @BeforeMethod setUp -->
  <testcase name="@BeforeMethod setUp" time="0.24" classname="com.adjudication.test.viewclaims.capprofessional.deny.DenyToPrebatchFromCAPProTest">
    <failure type="java.lang.NullPointerException">
      <![CDATA[java.lang.NullPointerException
at com.adjudication.utils.MyLogger.logError(MyLogger.java:29)
at com.adjudication.test.viewclaims.capprofessional.deny.DenyToPrebatchFromCAPProTest.setUp(DenyToPrebatchFromCAPProTest.java:69)
at java.util.concurrent.ThreadPoolExecutor.runWorker(ThreadPoolExecutor.java:1149)
at java.util.concurrent.ThreadPoolExecutor$Worker.run(ThreadPoolExecutor.java:624)
at java.lang.Thread.run(Thread.java:748)
... Removed 16 stack frames]]>
    </failure>
  </testcase> <!-- @BeforeMethod setUp -->
  <testcase name="@BeforeMethod setUp" time="0.24" classname="com.adjudication.test.viewclaims.capprofessional.pend.ViewClaimsFromCAPProApproved">
    <failure type="java.lang.NullPointerException">
      <![CDATA[java.lang.NullPointerException
at com.adjudication.utils.MyLogger.logError(MyLogger.java:29)
at com.adjudication.test.viewclaims.capprofessional.pend.ViewClaimsFromCAPProApproved.setUp(ViewClaimsFromCAPProApproved.java:79)
at java.util.concurrent.ThreadPoolExecutor.runWorker(ThreadPoolExecutor.java:1149)
at java.util.concurrent.ThreadPoolExecutor$Worker.run(ThreadPoolExecutor.java:624)
at java.lang.Thread.run(Thread.java:748)
... Removed 16 stack frames]]>
    </failure>
  </testcase> <!-- @BeforeMethod setUp -->
  <testcase name="moveToDenyFromCAPProPendNegTC" time="0.0" classname="com.adjudication.test.viewclaims.capprofessional.pend.ViewClaimsFromCAPProApproved">
    <skipped/>
  </testcase> <!-- moveToDenyFromCAPProPendNegTC -->
  <testcase name="tryToMovePrebatchDenyFromDenyFromCAPPro" time="0.0" classname="com.adjudication.test.viewclaims.capprofessional.deny.DenyToPrebatchFromCAPProTest">
    <skipped/>
  </testcase> <!-- tryToMovePrebatchDenyFromDenyFromCAPPro -->
  <testcase name="tryToMovePrebatchPayFromDenyFromCAPPro" time="0.0" classname="com.adjudication.test.viewclaims.capprofessional.deny.DenyToPrebatchFromCAPProTest">
    <skipped/>
  </testcase> <!-- tryToMovePrebatchPayFromDenyFromCAPPro -->
  <testcase name="SaveValiForDenyStatusFromCAPProPendNegTC" time="0.0" classname="com.adjudication.test.viewclaims.capprofessional.pend.ViewClaimsFromCAPProApproved">
    <skipped/>
  </testcase> <!-- SaveValiForDenyStatusFromCAPProPendNegTC -->
  <testcase name="SaveValiForApporvedStatusFromCAPProPendNegTC" time="0.0" classname="com.adjudication.test.viewclaims.capprofessional.pend.ViewClaimsFromCAPProApproved">
    <skipped/>
  </testcase> <!-- SaveValiForApporvedStatusFromCAPProPendNegTC -->
  <testcase name="moveToApproveFromCAPProPendNegTC" time="0.0" classname="com.adjudication.test.viewclaims.capprofessional.pend.ViewClaimsFromCAPProApproved">
    <skipped/>
  </testcase> <!-- moveToApproveFromCAPProPendNegTC -->
</testsuite> <!-- Cap Pro Approved -->
