<?xml version="1.0" encoding="UTF-8"?>
<!-- Generated by org.testng.reporters.JUnitXMLReporter -->
<testsuite hostname="MIBLR-LP0015" ignored="0" name="cap proPend2" tests="2" failures="0" timestamp="2021-03-26T19:43:50 IST" time="150.081" errors="0">
  <testcase name="moveToApproveFromCAPProPendNegTC" time="54.867" classname="com.adjudication.test.viewclaims.capprofessional.pend.ViewClaimsFromCAPProPendDeny"/>
  <testcase name="moveToDenyFromCAPProPendPositiveTC" time="54.997" classname="com.adjudication.test.viewclaims.capprofessional.pend.ViewClaimsFromCAPProPendDeny"/>
</testsuite> <!-- cap proPend2 -->
