<?xml version="1.0" encoding="UTF-8"?>
<!-- Generated by org.testng.reporters.JUnitXMLReporter -->
<testsuite hostname="MIBLR-LP0015" ignored="0" name="cap pro deny" tests="2" failures="0" timestamp="2021-03-26T19:43:56 IST" time="162.813" errors="0">
  <testcase name="tryToMovePrebatchPayFromDenyFromCAPPro" time="56.398" classname="com.adjudication.test.viewclaims.capprofessional.deny.DenyToPrebatchFromCAPProTest"/>
  <testcase name="tryToMovePrebatchDenyFromDenyFromCAPPro" time="62.446" classname="com.adjudication.test.viewclaims.capprofessional.deny.DenyToPrebatchFromCAPProTest"/>
</testsuite> <!-- cap pro deny -->
