<?xml version="1.0" encoding="UTF-8"?>
<!-- Generated by org.testng.reporters.JUnitXMLReporter -->
<testsuite hostname="MIBLR-LP0015" ignored="0" name="CAPInstiBatchTopay" tests="2" failures="0" timestamp="2021-04-01T20:17:44 IST" time="125.328" errors="0">
  <testcase name="moveToEFTPaymentFromBatchToPay" time="30.179" classname="com.adjudication.test.viewclaims.capinstitutional.batchtopay.MoveToEFTPaymentFromCAPInsti"/>
  <testcase name="moveToPaidFromEFTPaymentCAPInsti" time="50.175" classname="com.adjudication.test.viewclaims.capinstitutional.batchtopay.MoveToEFTPaymentFromCAPInsti"/>
</testsuite> <!-- CAPInstiBatchTopay -->
