<?xml version="1.0" encoding="UTF-8"?>
<!-- Generated by org.testng.reporters.JUnitXMLReporter -->
<testsuite hostname="MIBLR-LP0015" ignored="0" name="CAPInstiBatchTopaySingedOFF" tests="2" failures="1" timestamp="2021-04-05T17:52:58 IST" time="210.014" errors="0">
  <testcase name="moveToSignedOffFromBatchToPay" time="34.691" classname="com.adjudication.test.viewclaims.capinstitutional.batchtopay.MoveToSignedOffFromCAPInsti"/>
  <testcase name="moveToSentForPaymentFromSignedOffCAPInsti" time="151.893" classname="com.adjudication.test.viewclaims.capinstitutional.batchtopay.MoveToSignedOffFromCAPInsti">
    <failure type="java.lang.AssertionError" message="Expected condition failed: waiting for visibility of Proxy element for: DefaultElementLocator &amp;apos;By.xpath: //div[@class=&amp;apos;alert ui-pnotify-container alert-success ui-pnotify-shadow&amp;apos;]/h4&amp;apos; (tried for 120 second(s) with 500 milliseconds interval)">
      <![CDATA[java.lang.AssertionError: Expected condition failed: waiting for visibility of Proxy element for: DefaultElementLocator 'By.xpath: //div[@class='alert ui-pnotify-container alert-success ui-pnotify-shadow']/h4' (tried for 120 second(s) with 500 milliseconds interval)
at com.adjudication.test.viewclaims.capinstitutional.batchtopay.MoveToSignedOffFromCAPInsti.moveToSentForPaymentFromSignedOffCAPInsti(MoveToSignedOffFromCAPInsti.java:138)
at java.util.ArrayList.forEach(ArrayList.java:1259)
at java.util.concurrent.FutureTask.run(FutureTask.java:266)
at java.util.concurrent.ThreadPoolExecutor.runWorker(ThreadPoolExecutor.java:1149)
at java.util.concurrent.ThreadPoolExecutor$Worker.run(ThreadPoolExecutor.java:624)
at java.lang.Thread.run(Thread.java:748)
... Removed 19 stack frames]]>
    </failure>
  </testcase> <!-- moveToSentForPaymentFromSignedOffCAPInsti -->
</testsuite> <!-- CAPInstiBatchTopaySingedOFF -->
