<?xml version="1.0" encoding="UTF-8"?>
<!-- Generated by org.testng.reporters.JUnitXMLReporter -->
<testsuite hostname="MIBLR-LP0015" ignored="0" name="CAPInstiApproved" tests="2" failures="2" timestamp="2021-03-26T19:48:35 IST" time="187.279" errors="0">
  <testcase name="tryToMoveDenyFromApprovedFromCAPInsti" time="86.241" classname="com.adjudication.test.viewclaims.capinstitutional.approved.ApprovedToPrebatchFromCAPInstiTest">
    <failure type="java.lang.AssertionError" message="Expected condition failed: waiting for visibility of Proxy element for: DefaultElementLocator &amp;apos;by id or name &amp;quot;viewIcon&amp;quot;&amp;apos; (tried for 60 second(s) with 500 milliseconds interval)">
      <![CDATA[java.lang.AssertionError: Expected condition failed: waiting for visibility of Proxy element for: DefaultElementLocator 'by id or name "viewIcon"' (tried for 60 second(s) with 500 milliseconds interval)
at com.adjudication.test.viewclaims.capinstitutional.approved.ApprovedToPrebatchFromCAPInstiTest.tryToMoveDenyFromApprovedFromCAPInsti(ApprovedToPrebatchFromCAPInstiTest.java:107)
at java.util.ArrayList.forEach(ArrayList.java:1259)
at java.util.concurrent.FutureTask.run(FutureTask.java:266)
at java.util.concurrent.ThreadPoolExecutor.runWorker(ThreadPoolExecutor.java:1149)
at java.util.concurrent.ThreadPoolExecutor$Worker.run(ThreadPoolExecutor.java:624)
at java.lang.Thread.run(Thread.java:748)
... Removed 19 stack frames]]>
    </failure>
  </testcase> <!-- tryToMoveDenyFromApprovedFromCAPInsti -->
  <testcase name="tryToMovePrebatchFromApprovedFromCAPInsti" time="82.47" classname="com.adjudication.test.viewclaims.capinstitutional.approved.ApprovedToPrebatchFromCAPInstiTest">
    <failure type="java.lang.AssertionError" message="Expected condition failed: waiting for visibility of Proxy element for: DefaultElementLocator &amp;apos;by id or name &amp;quot;viewIcon&amp;quot;&amp;apos; (tried for 60 second(s) with 500 milliseconds interval)">
      <![CDATA[java.lang.AssertionError: Expected condition failed: waiting for visibility of Proxy element for: DefaultElementLocator 'by id or name "viewIcon"' (tried for 60 second(s) with 500 milliseconds interval)
at com.adjudication.test.viewclaims.capinstitutional.approved.ApprovedToPrebatchFromCAPInstiTest.tryToMovePrebatchFromApprovedFromCAPInsti(ApprovedToPrebatchFromCAPInstiTest.java:134)
at java.util.ArrayList.forEach(ArrayList.java:1259)
at java.util.concurrent.FutureTask.run(FutureTask.java:266)
at java.util.concurrent.ThreadPoolExecutor.runWorker(ThreadPoolExecutor.java:1149)
at java.util.concurrent.ThreadPoolExecutor$Worker.run(ThreadPoolExecutor.java:624)
at java.lang.Thread.run(Thread.java:748)
... Removed 19 stack frames]]>
    </failure>
  </testcase> <!-- tryToMovePrebatchFromApprovedFromCAPInsti -->
</testsuite> <!-- CAPInstiApproved -->
