<?xml version="1.0" encoding="UTF-8"?>
<!-- Generated by org.testng.reporters.JUnitXMLReporter -->
<testsuite hostname="MIBLR-LP0015" ignored="0" name="CAPInstiDeny" tests="2" failures="2" timestamp="2021-03-26T19:48:47 IST" time="188.591" errors="0">
  <testcase name="tryToMoveDenyFromApprovedFromCAPInsti" time="82.493" classname="com.adjudication.test.viewclaims.capinstitutional.deny.DenyToPrebatchFromCAPInstiTest">
    <failure type="java.lang.AssertionError" message="Expected condition failed: waiting for visibility of Proxy element for: DefaultElementLocator &amp;apos;by id or name &amp;quot;viewIcon&amp;quot;&amp;apos; (tried for 60 second(s) with 500 milliseconds interval)">
      <![CDATA[java.lang.AssertionError: Expected condition failed: waiting for visibility of Proxy element for: DefaultElementLocator 'by id or name "viewIcon"' (tried for 60 second(s) with 500 milliseconds interval)
at com.adjudication.test.viewclaims.capinstitutional.deny.DenyToPrebatchFromCAPInstiTest.tryToMoveDenyFromApprovedFromCAPInsti(DenyToPrebatchFromCAPInstiTest.java:106)
at java.util.ArrayList.forEach(ArrayList.java:1259)
at java.util.concurrent.FutureTask.run(FutureTask.java:266)
at java.util.concurrent.ThreadPoolExecutor.runWorker(ThreadPoolExecutor.java:1149)
at java.util.concurrent.ThreadPoolExecutor$Worker.run(ThreadPoolExecutor.java:624)
at java.lang.Thread.run(Thread.java:748)
... Removed 19 stack frames]]>
    </failure>
  </testcase> <!-- tryToMoveDenyFromApprovedFromCAPInsti -->
  <testcase name="tryToMovePrebatchFromApprovedFromCAPInsti" time="78.949" classname="com.adjudication.test.viewclaims.capinstitutional.deny.DenyToPrebatchFromCAPInstiTest">
    <failure type="java.lang.AssertionError" message="Expected condition failed: waiting for visibility of Proxy element for: DefaultElementLocator &amp;apos;by id or name &amp;quot;viewIcon&amp;quot;&amp;apos; (tried for 60 second(s) with 500 milliseconds interval)">
      <![CDATA[java.lang.AssertionError: Expected condition failed: waiting for visibility of Proxy element for: DefaultElementLocator 'by id or name "viewIcon"' (tried for 60 second(s) with 500 milliseconds interval)
at com.adjudication.test.viewclaims.capinstitutional.deny.DenyToPrebatchFromCAPInstiTest.tryToMovePrebatchFromApprovedFromCAPInsti(DenyToPrebatchFromCAPInstiTest.java:132)
at java.util.ArrayList.forEach(ArrayList.java:1259)
at java.util.concurrent.FutureTask.run(FutureTask.java:266)
at java.util.concurrent.ThreadPoolExecutor.runWorker(ThreadPoolExecutor.java:1149)
at java.util.concurrent.ThreadPoolExecutor$Worker.run(ThreadPoolExecutor.java:624)
at java.lang.Thread.run(Thread.java:748)
... Removed 19 stack frames]]>
    </failure>
  </testcase> <!-- tryToMovePrebatchFromApprovedFromCAPInsti -->
</testsuite> <!-- CAPInstiDeny -->
