<?xml version="1.0" encoding="UTF-8"?>
<!-- Generated by org.testng.reporters.JUnitXMLReporter -->
<testsuite hostname="MIBLR-LP0015" ignored="0" name="CAPPro" tests="4" failures="0" timestamp="2021-03-18T11:34:43 IST" time="148.343" errors="0">
  <testcase name="SaveValiForApporvedStatusFromCAPProPendNegTC" time="23.679" classname="com.adjudication.test.viewclaims.capprofessional.pend.ViewClaimsFromCAPProPend"/>
  <testcase name="SaveValiForDenyStatusFromCAPProPendNegTC" time="26.781" classname="com.adjudication.test.viewclaims.capprofessional.pend.ViewClaimsFromCAPProPend"/>
  <testcase name="moveToDenyFromCAPProPendNegTC" time="28.701" classname="com.adjudication.test.viewclaims.capprofessional.pend.ViewClaimsFromCAPProPend"/>
  <testcase name="moveToApproveFromCAPProPendNegTC" time="40.866" classname="com.adjudication.test.viewclaims.capprofessional.pend.ViewClaimsFromCAPProPend"/>
</testsuite> <!-- CAPPro -->
