<?xml version="1.0" encoding="UTF-8"?>
<!-- Generated by org.testng.reporters.JUnitXMLReporter -->
<testsuite hostname="MIBLR-LP0015" ignored="0" name="CAPProPend" tests="3" failures="0" timestamp="2021-03-22T10:12:33 IST" time="221.187" errors="0">
  <testcase name="moveToApproveFromCAPProPendNegTC" time="44.528" classname="com.adjudication.test.viewclaims.capprofessional.pend.ViewClaimsFromCAPProPend"/>
  <testcase name="moveToDenyFromCAPProPendPositiveTC" time="26.555" classname="com.adjudication.test.viewclaims.capprofessional.pend.ViewClaimsFromCAPProPend"/>
  <testcase name="checkPRInServiceDetailFromCAPPro" time="98.384" classname="com.adjudication.test.viewclaims.capprofessional.pend.ViewClaimsFromCAPProPend"/>
</testsuite> <!-- CAPProPend -->
