<?xml version="1.0" encoding="UTF-8"?>
<!-- Generated by org.testng.reporters.JUnitXMLReporter -->
<testsuite hostname="MIBLR-LP0015" ignored="0" name="CAPProPrebatch" tests="1" failures="1" timestamp="2021-03-31T18:09:35 IST" time="123.52" errors="0">
  <testcase name="movePrebatchToPay" time="94.506" classname="com.adjudication.test.viewclaims.capprofessional.prebatch.PreBatchToPayFromCAPPro">
    <failure type="java.lang.AssertionError" message="Expected condition failed: waiting for presence of element located by: By.xpath: //table[@id=&amp;apos;CAPApprovedQueTable&amp;apos;]/thead/tr[2]/th (tried for 60 second(s) with 500 milliseconds interval)">
      <![CDATA[java.lang.AssertionError: Expected condition failed: waiting for presence of element located by: By.xpath: //table[@id='CAPApprovedQueTable']/thead/tr[2]/th (tried for 60 second(s) with 500 milliseconds interval)
at com.adjudication.test.viewclaims.capprofessional.prebatch.PreBatchToPayFromCAPPro.movePrebatchToPay(PreBatchToPayFromCAPPro.java:119)
at java.util.ArrayList.forEach(ArrayList.java:1259)
at java.util.concurrent.FutureTask.run(FutureTask.java:266)
at java.util.concurrent.ThreadPoolExecutor.runWorker(ThreadPoolExecutor.java:1149)
at java.util.concurrent.ThreadPoolExecutor$Worker.run(ThreadPoolExecutor.java:624)
at java.lang.Thread.run(Thread.java:748)
... Removed 19 stack frames]]>
    </failure>
  </testcase> <!-- movePrebatchToPay -->
</testsuite> <!-- CAPProPrebatch -->
