<?xml version="1.0" encoding="UTF-8"?>
<!-- Generated by org.testng.reporters.JUnitXMLReporter -->
<testsuite hostname="MIBLR-LP0015" ignored="0" name="capproPend3" tests="3" failures="0" timestamp="2021-03-26T19:45:38 IST" time="265.862" errors="0">
  <testcase name="moveToApproveFromCAPProPendNegTC" time="55.273" classname="com.adjudication.test.viewclaims.capprofessional.pend.ViewClaimsFromCAPProPend"/>
  <testcase name="moveToDenyFromCAPProPendPositiveTC" time="33.453" classname="com.adjudication.test.viewclaims.capprofessional.pend.ViewClaimsFromCAPProPend"/>
  <testcase name="checkPRInServiceDetailFromCAPPro" time="102.145" classname="com.adjudication.test.viewclaims.capprofessional.pend.ViewClaimsFromCAPProPend"/>
</testsuite> <!-- capproPend3 -->
