<?xml version="1.0" encoding="UTF-8"?>
<!-- Generated by org.testng.reporters.JUnitXMLReporter -->
<testsuite hostname="MIBLR-LP0015" ignored="0" name="DentalBatchTopaySingedOFF" tests="2" failures="0" timestamp="2021-04-05T17:51:19 IST" time="111.06" errors="0">
  <testcase name="moveToSignedOffFromBatchToPay" time="34.103" classname="com.adjudication.test.viewclaims.dental.batchtopay.MoveToSignedOffFromDental"/>
  <testcase name="moveToSentForPaymentFromSignedOffDental" time="50.198" classname="com.adjudication.test.viewclaims.dental.batchtopay.MoveToSignedOffFromDental"/>
</testsuite> <!-- DentalBatchTopaySingedOFF -->
