<?xml version="1.0" encoding="UTF-8"?>
<!-- Generated by org.testng.reporters.JUnitXMLReporter -->
<testsuite hostname="MIBLR-LP0015" ignored="0" name="DentalPend" tests="3" failures="0" timestamp="2021-03-26T19:48:52 IST" time="159.923" errors="0">
  <testcase name="moveToApproveFromDentalPendNegTC" time="29.812" classname="com.adjudication.test.viewclaims.dental.pend.ViewClaimsFromDentalPend"/>
  <testcase name="moveToDenyFromFFSInstiPendPositiveTC" time="21.232" classname="com.adjudication.test.viewclaims.dental.pend.ViewClaimsFromDentalPend"/>
  <testcase name="checkPRInServiceDetailFromDental" time="84.767" classname="com.adjudication.test.viewclaims.dental.pend.ViewClaimsFromDentalPend"/>
</testsuite> <!-- DentalPend -->
