<?xml version="1.0" encoding="UTF-8"?>
<!-- Generated by org.testng.reporters.JUnitXMLReporter -->
<testsuite hostname="MIBLR-LP0015" ignored="0" name="Dental" tests="4" failures="0" timestamp="2021-03-18T11:37:21 IST" time="158.336" errors="0">
  <testcase name="SaveValiForApporvedStatusFromDentalPendNegTC" time="24.603" classname="com.adjudication.test.viewclaims.dental.pend.ViewClaimsFromDentalPend"/>
  <testcase name="SaveValiForDenyStatusFromDentalPendNegTC" time="27.54" classname="com.adjudication.test.viewclaims.dental.pend.ViewClaimsFromDentalPend"/>
  <testcase name="moveToDenyFromDentalPendNegTC" time="40.248" classname="com.adjudication.test.viewclaims.dental.pend.ViewClaimsFromDentalPend"/>
  <testcase name="moveToApproveFromDentalPendNegTC" time="42.343" classname="com.adjudication.test.viewclaims.dental.pend.ViewClaimsFromDentalPend"/>
</testsuite> <!-- Dental -->
