<?xml version="1.0" encoding="UTF-8"?>
<!-- Generated by org.testng.reporters.JUnitXMLReporter -->
<testsuite hostname="MIBLR-LP0015" ignored="0" name="DentalDeny" tests="2" failures="0" timestamp="2021-03-19T10:13:31 IST" time="94.726" errors="0">
  <testcase name="moveToApproveFromDentalPendNegTC" time="34.761" classname="com.adjudication.test.viewclaims.dental.pend.ViewClaimsFromDentalPendDeny"/>
  <testcase name="moveToDenyFromFFSInstiPendPositiveTC" time="37.755" classname="com.adjudication.test.viewclaims.dental.pend.ViewClaimsFromDentalPendDeny"/>
</testsuite> <!-- DentalDeny -->
