<?xml version="1.0" encoding="UTF-8"?>
<!-- Generated by org.testng.reporters.JUnitXMLReporter -->
<testsuite hostname="MIBLR-LP0015" ignored="0" name="DentalPend1" tests="2" failures="0" timestamp="2021-03-26T19:48:22 IST" time="82.396" errors="0">
  <testcase name="moveToApproveFromDentalPendNegTC" time="28.205" classname="com.adjudication.test.viewclaims.dental.pend.ViewClaimsFromDentalPendDeny"/>
  <testcase name="moveToDenyFromFFSInstiPendPositiveTC" time="36.761" classname="com.adjudication.test.viewclaims.dental.pend.ViewClaimsFromDentalPendDeny"/>
</testsuite> <!-- DentalPend1 -->
