<?xml version="1.0" encoding="UTF-8"?>
<!-- Generated by org.testng.reporters.JUnitXMLReporter -->
<testsuite hostname="MIBLR-LP0015" ignored="0" name="DentalApproved" tests="4" failures="0" timestamp="2021-03-19T10:17:51 IST" time="221.29" errors="0">
  <testcase name="SaveValiForApporvedStatusFromDentalPendNegTC" time="47.682" classname="com.adjudication.test.viewclaims.dental.pend.ViewClaimsFromDentalApproved"/>
  <testcase name="SaveValiForDenyStatusFromDentalPendNegTC" time="45.417" classname="com.adjudication.test.viewclaims.dental.pend.ViewClaimsFromDentalApproved"/>
  <testcase name="moveToDenyFromDentalPendNegTC" time="58.093" classname="com.adjudication.test.viewclaims.dental.pend.ViewClaimsFromDentalApproved"/>
  <testcase name="moveToApproveFromDentalPendNegTC" time="38.608" classname="com.adjudication.test.viewclaims.dental.pend.ViewClaimsFromDentalApproved"/>
</testsuite> <!-- DentalApproved -->
