<?xml version="1.0" encoding="UTF-8"?>
<!-- Generated by org.testng.reporters.JUnitXMLReporter -->
<testsuite hostname="MIBLR-LP0015" ignored="0" name="DentalPend2" tests="4" failures="0" timestamp="2021-03-26T19:51:15 IST" time="172.285" errors="0">
  <testcase name="SaveValiForApporvedStatusFromDentalPendNegTC" time="36.591" classname="com.adjudication.test.viewclaims.dental.pend.ViewClaimsFromDentalApproved"/>
  <testcase name="SaveValiForDenyStatusFromDentalPendNegTC" time="30.804" classname="com.adjudication.test.viewclaims.dental.pend.ViewClaimsFromDentalApproved"/>
  <testcase name="moveToDenyFromDentalPendNegTC" time="34.1" classname="com.adjudication.test.viewclaims.dental.pend.ViewClaimsFromDentalApproved"/>
  <testcase name="moveToApproveFromDentalPendNegTC" time="49.215" classname="com.adjudication.test.viewclaims.dental.pend.ViewClaimsFromDentalApproved"/>
</testsuite> <!-- DentalPend2 -->
