<?xml version="1.0" encoding="UTF-8"?>
<!-- Generated by org.testng.reporters.JUnitXMLReporter -->
<testsuite hostname="MIBLR-LP0015" ignored="0" name="FFSInstiPend" tests="2" failures="0" timestamp="2021-03-22T10:10:24 IST" time="91.211" errors="0">
  <testcase name="moveToApproveFromFFSInstiPendNegTC" time="35.388" classname="com.adjudication.test.viewclaims.ffsinstitutional.pend.ViewClaimsFromFFSInstiPend"/>
  <testcase name="moveToDenyFromFFSInstiPendNegTC" time="25.563" classname="com.adjudication.test.viewclaims.ffsinstitutional.pend.ViewClaimsFromFFSInstiPend"/>
</testsuite> <!-- FFSInstiPend -->
