<?xml version="1.0" encoding="UTF-8"?>
<!-- Generated by org.testng.reporters.JUnitXMLReporter -->
<testsuite hostname="MIBLR-LP0015" ignored="0" name="FFSInstiDeny" tests="2" failures="2" timestamp="2021-03-23T18:52:21 IST" time="246.81" errors="0">
  <testcase name="tryToMoveDenyFromApprovedFromFFSInsti" time="81.052" classname="com.adjudication.test.viewclaims.ffsinstitutional.deny.DenyToPrebatchFromFFSInstiTest">
    <failure type="java.lang.AssertionError" message="Expected condition failed: waiting for visibility of Proxy element for: DefaultElementLocator &amp;apos;by id or name &amp;quot;viewIcon&amp;quot;&amp;apos; (tried for 60 second(s) with 500 milliseconds interval)">
      <![CDATA[java.lang.AssertionError: Expected condition failed: waiting for visibility of Proxy element for: DefaultElementLocator 'by id or name "viewIcon"' (tried for 60 second(s) with 500 milliseconds interval)
at com.adjudication.test.viewclaims.ffsinstitutional.deny.DenyToPrebatchFromFFSInstiTest.commonSteps(DenyToPrebatchFromFFSInstiTest.java:93)
at com.adjudication.test.viewclaims.ffsinstitutional.deny.DenyToPrebatchFromFFSInstiTest.tryToMoveDenyFromApprovedFromFFSInsti(DenyToPrebatchFromFFSInstiTest.java:101)
at java.util.ArrayList.forEach(ArrayList.java:1259)
at java.util.concurrent.FutureTask.run(FutureTask.java:266)
at java.util.concurrent.ThreadPoolExecutor.runWorker(ThreadPoolExecutor.java:1149)
at java.util.concurrent.ThreadPoolExecutor$Worker.run(ThreadPoolExecutor.java:624)
at java.lang.Thread.run(Thread.java:748)
... Removed 19 stack frames]]>
    </failure>
  </testcase> <!-- tryToMoveDenyFromApprovedFromFFSInsti -->
  <testcase name="tryToMovePrebatchFromApprovedFromFFSInsti" time="143.501" classname="com.adjudication.test.viewclaims.ffsinstitutional.deny.DenyToPrebatchFromFFSInstiTest">
    <failure type="java.lang.AssertionError" message="Expected condition failed: waiting for visibility of Proxy element for: DefaultElementLocator &amp;apos;By.xpath: //div[@class=&amp;apos;alert ui-pnotify-container alert-success ui-pnotify-shadow&amp;apos;]/h4&amp;apos; (tried for 120 second(s) with 500 milliseconds interval)">
      <![CDATA[java.lang.AssertionError: Expected condition failed: waiting for visibility of Proxy element for: DefaultElementLocator 'By.xpath: //div[@class='alert ui-pnotify-container alert-success ui-pnotify-shadow']/h4' (tried for 120 second(s) with 500 milliseconds interval)
at com.adjudication.test.viewclaims.ffsinstitutional.deny.DenyToPrebatchFromFFSInstiTest.tryToMovePrebatchFromApprovedFromFFSInsti(DenyToPrebatchFromFFSInstiTest.java:134)
at java.util.ArrayList.forEach(ArrayList.java:1259)
at java.util.concurrent.FutureTask.run(FutureTask.java:266)
at java.util.concurrent.ThreadPoolExecutor.runWorker(ThreadPoolExecutor.java:1149)
at java.util.concurrent.ThreadPoolExecutor$Worker.run(ThreadPoolExecutor.java:624)
at java.lang.Thread.run(Thread.java:748)
... Removed 19 stack frames]]>
    </failure>
  </testcase> <!-- tryToMovePrebatchFromApprovedFromFFSInsti -->
</testsuite> <!-- FFSInstiDeny -->
