<?xml version="1.0" encoding="UTF-8"?>
<!-- Generated by org.testng.reporters.JUnitXMLReporter -->
<testsuite hostname="MIBLR-LP0015" ignored="0" name="FFSProBatchTopay" tests="2" failures="0" timestamp="2021-04-01T20:10:58 IST" time="63.574" errors="0">
  <testcase name="moveToEFTPaymentFromBatchToPay" time="19.877" classname="com.adjudication.test.viewclaims.ffsprofessional.batchtopay.MoveToEFTPaymentFromFFSPro"/>
  <testcase name="moveToPaidFromEFTPaymentFFSPro" time="28.426" classname="com.adjudication.test.viewclaims.ffsprofessional.batchtopay.MoveToEFTPaymentFromFFSPro"/>
</testsuite> <!-- FFSProBatchTopay -->
