<?xml version="1.0" encoding="UTF-8"?>
<!-- Generated by org.testng.reporters.JUnitXMLReporter -->
<testsuite hostname="MIBLR-LP0015" ignored="0" name="FFSProOnHoldGridSearch" tests="1" failures="1" timestamp="2021-04-15T22:57:45 IST" time="22.303" errors="0">
  <testcase name="ffsProOnHoldGridSearchTest" time="0.036" classname="com.adjudication.test.ffsProfessional.gridSearch.FFSProOnHoldGridSearchTest">
    <failure type="java.lang.AssertionError" message="null">
      <![CDATA[java.lang.AssertionError: null
at com.adjudication.test.ffsProfessional.gridSearch.FFSProOnHoldGridSearchTest.ffsProOnHoldGridSearchTest(FFSProOnHoldGridSearchTest.java:111)
at java.util.ArrayList.forEach(ArrayList.java:1259)
at java.util.concurrent.FutureTask.run(FutureTask.java:266)
at java.util.concurrent.ThreadPoolExecutor.runWorker(ThreadPoolExecutor.java:1149)
at java.util.concurrent.ThreadPoolExecutor$Worker.run(ThreadPoolExecutor.java:624)
at java.lang.Thread.run(Thread.java:748)
... Removed 19 stack frames]]>
    </failure>
  </testcase> <!-- ffsProOnHoldGridSearchTest -->
</testsuite> <!-- FFSProOnHoldGridSearch -->
