<?xml version="1.0" encoding="UTF-8"?>
<!-- Generated by org.testng.reporters.JUnitXMLReporter -->
<testsuite hostname="MIBLR-LP0015" ignored="0" name="FFSPRo" tests="4" failures="0" timestamp="2021-03-18T11:29:47 IST" time="164.383" errors="0">
  <testcase name="SaveValiForApporvedStatusFromFFSProPendNegTC" time="28.643" classname="com.adjudication.test.viewclaims.ffsprofessional.pend.ViewClaimsFromFFSProPend"/>
  <testcase name="SaveValiForDenyStatusFromFFSProPendNegTC" time="28.262" classname="com.adjudication.test.viewclaims.ffsprofessional.pend.ViewClaimsFromFFSProPend"/>
  <testcase name="moveToDenyFromFFSProPendNegTC" time="41.461" classname="com.adjudication.test.viewclaims.ffsprofessional.pend.ViewClaimsFromFFSProPend"/>
  <testcase name="moveToApporveFromFFSProPendPositiveTC" time="44.427" classname="com.adjudication.test.viewclaims.ffsprofessional.pend.ViewClaimsFromFFSProPend"/>
</testsuite> <!-- FFSPRo -->
