<?xml version="1.0" encoding="UTF-8"?>
<!-- Generated by org.testng.reporters.JUnitXMLReporter -->
<testsuite hostname="MIBLR-LP0015" ignored="0" name="FFSProPendGridSearch" tests="1" failures="0" timestamp="2021-04-15T22:57:45 IST" time="22.303" errors="0">
  <testcase name="@BeforeMethod setUp" time="0.439" classname="com.adjudication.test.ffsProfessional.gridSearch.FFSProPendGridSearchTest">
    <failure type="java.lang.NullPointerException">
      <![CDATA[java.lang.NullPointerException
at com.adjudication.utils.MyLogger.logError(MyLogger.java:31)
at com.adjudication.test.ffsProfessional.gridSearch.FFSProPendGridSearchTest.setUp(FFSProPendGridSearchTest.java:68)
at java.util.ArrayList.forEach(ArrayList.java:1259)
at java.util.concurrent.FutureTask.run(FutureTask.java:266)
at java.util.concurrent.ThreadPoolExecutor.runWorker(ThreadPoolExecutor.java:1149)
at java.util.concurrent.ThreadPoolExecutor$Worker.run(ThreadPoolExecutor.java:624)
at java.lang.Thread.run(Thread.java:748)
... Removed 22 stack frames]]>
    </failure>
  </testcase> <!-- @BeforeMethod setUp -->
  <testcase name="ffsProPendGridSearchTest" time="0.0" classname="com.adjudication.test.ffsProfessional.gridSearch.FFSProPendGridSearchTest">
    <skipped/>
  </testcase> <!-- ffsProPendGridSearchTest -->
</testsuite> <!-- FFSProPendGridSearch -->
