<?xml version="1.0" encoding="UTF-8"?>
<!-- Generated by org.testng.reporters.JUnitXMLReporter -->
<testsuite hostname="MIBLR-LP0015" ignored="0" name="FFSPRoPend" tests="2" failures="1" timestamp="2021-03-22T13:32:01 IST" time="75.736" errors="0">
  <testcase name="tryToMoveDenyFromApprovedFromFFSPro" time="28.327" classname="com.adjudication.test.viewclaims.ffsprofessional.approved.ApprovedToPrebatchTest"/>
  <testcase name="tryToMovePrebatchFromApprovedFromFFSPro" time="30.221" classname="com.adjudication.test.viewclaims.ffsprofessional.approved.ApprovedToPrebatchTest">
    <failure type="java.lang.AssertionError" message="The following asserts failed:
	expected [true] but found [false]">
      <![CDATA[java.lang.AssertionError: The following asserts failed:
expected [true] but found [false]
at com.adjudication.test.viewclaims.ffsprofessional.approved.ApprovedToPrebatchTest.tryToMovePrebatchFromApprovedFromFFSPro(ApprovedToPrebatchTest.java:101)
at java.util.ArrayList.forEach(ArrayList.java:1259)
at java.util.concurrent.FutureTask.run(FutureTask.java:266)
at java.util.concurrent.ThreadPoolExecutor.runWorker(ThreadPoolExecutor.java:1149)
at java.util.concurrent.ThreadPoolExecutor$Worker.run(ThreadPoolExecutor.java:624)
at java.lang.Thread.run(Thread.java:748)
... Removed 20 stack frames]]>
    </failure>
  </testcase> <!-- tryToMovePrebatchFromApprovedFromFFSPro -->
</testsuite> <!-- FFSPRoPend -->
