<?xml version="1.0" encoding="UTF-8"?>
<!-- Generated by org.testng.reporters.JUnitXMLReporter -->
<testsuite hostname="MIBLR-LP0015" ignored="0" name="FFSPRoDeny" tests="2" failures="0" timestamp="2021-03-23T18:48:30 IST" time="136.649" errors="0">
  <testcase name="tryToMoveDenyFromApprovedFromFFSPro" time="54.244" classname="com.adjudication.test.viewclaims.ffsprofessional.deny.DenyToPrebatchFromFFSProTest"/>
  <testcase name="tryToMovePrebatchFromApprovedFromFFSPro" time="45.149" classname="com.adjudication.test.viewclaims.ffsprofessional.deny.DenyToPrebatchFromFFSProTest"/>
</testsuite> <!-- FFSPRoDeny -->
