<?xml version="1.0" encoding="UTF-8"?>
<!-- Generated by org.testng.reporters.JUnitXMLReporter -->
<testsuite hostname="MIBLR-LP0015" ignored="0" name="FFSProPreBatchGridSearch" tests="1" failures="0" timestamp="2021-04-15T22:57:51 IST" time="28.507" errors="0">
  <testcase name="@BeforeMethod setUp" time="0.114" classname="com.adjudication.test.ffsProfessional.gridSearch.FFSProPreBatchGridSearchTest">
    <failure type="java.lang.NullPointerException">
      <![CDATA[java.lang.NullPointerException
at com.adjudication.utils.MyLogger.logError(MyLogger.java:31)
at com.adjudication.test.ffsProfessional.gridSearch.FFSProPreBatchGridSearchTest.setUp(FFSProPreBatchGridSearchTest.java:69)
at java.util.ArrayList.forEach(ArrayList.java:1259)
at java.util.concurrent.FutureTask.run(FutureTask.java:266)
at java.util.concurrent.ThreadPoolExecutor.runWorker(ThreadPoolExecutor.java:1149)
at java.util.concurrent.ThreadPoolExecutor$Worker.run(ThreadPoolExecutor.java:624)
at java.lang.Thread.run(Thread.java:748)
... Removed 22 stack frames]]>
    </failure>
  </testcase> <!-- @BeforeMethod setUp -->
  <testcase name="ffsProPreBatchGridSearchTest" time="0.0" classname="com.adjudication.test.ffsProfessional.gridSearch.FFSProPreBatchGridSearchTest">
    <skipped/>
  </testcase> <!-- ffsProPreBatchGridSearchTest -->
</testsuite> <!-- FFSProPreBatchGridSearch -->
