<?xml version="1.0" encoding="UTF-8"?>
<!-- Generated by org.testng.reporters.JUnitXMLReporter -->
<testsuite hostname="MIBLR-LP0015" ignored="0" name="Login" tests="6" failures="0" timestamp="2021-03-04T22:18:08 IST" time="133.72" errors="0">
  <testcase name="loginWithEmptyFields" time="2.401" classname="com.adjudication.test.login.LoginTest"/>
  <testcase name="loginWithIncorrectEmailAdd" time="0.506" classname="com.adjudication.test.login.LoginTest"/>
  <testcase name="loginWithInvalidCred" time="3.464" classname="com.adjudication.test.login.LoginTest"/>
  <testcase name="loginWithOutPassword" time="0.593" classname="com.adjudication.test.login.LoginTest"/>
  <testcase name="loginWithOutUsername" time="0.812" classname="com.adjudication.test.login.LoginTest"/>
  <testcase name="loginWithValidCred" time="23.56" classname="com.adjudication.test.login.LoginTest"/>
</testsuite> <!-- Login -->
