<?xml version="1.0" encoding="UTF-8"?>
<!-- Generated by org.testng.reporters.JUnitXMLReporter -->
<testsuite hostname="MIBLR-LP0015" ignored="0" name="pend" tests="1" failures="1" timestamp="2021-03-09T15:00:36 IST" time="145.356" errors="0">
  <testcase name="ffsProPendGridSearchTest" time="138.017" classname="com.adjudication.test.ffsProfessional.FFSProPendGridSearchTest">
    <failure type="java.lang.AssertionError" message="The following asserts failed:
	expected [false] but found [true]">
      <![CDATA[java.lang.AssertionError: The following asserts failed:
expected [false] but found [true]
at com.adjudication.test.ffsProfessional.FFSProPendGridSearchTest.ffsProPendGridSearchTest(FFSProPendGridSearchTest.java:109)
at java.util.ArrayList.forEach(ArrayList.java:1259)
at java.util.concurrent.FutureTask.run(FutureTask.java:266)
at java.util.concurrent.ThreadPoolExecutor.runWorker(ThreadPoolExecutor.java:1149)
at java.util.concurrent.ThreadPoolExecutor$Worker.run(ThreadPoolExecutor.java:624)
at java.lang.Thread.run(Thread.java:748)
... Removed 20 stack frames]]>
    </failure>
  </testcase> <!-- ffsProPendGridSearchTest -->
</testsuite> <!-- pend -->
