<?xml version="1.0" encoding="UTF-8"?>
<!-- Generated by org.testng.reporters.JUnitXMLReporter -->
<testsuite hostname="MIBLR-LP0015" ignored="0" name="FFSProOnHoldGridSearch(failed)" tests="1" failures="1" timestamp="2021-03-09T20:13:50 IST" time="95.365" errors="0">
  <testcase name="ffsProOnHoldGridSearchTest" time="84.711" classname="com.adjudication.test.ffsProfessional.FFSProOnHoldGridSearchTest">
    <failure type="java.lang.AssertionError" message="Expected condition failed: waiting for visibility of Proxy element for: DefaultElementLocator &amp;apos;By.id: FFSOnHoldQueTable&amp;apos; (tried for 30 second(s) with 500 milliseconds interval)">
      <![CDATA[java.lang.AssertionError: Expected condition failed: waiting for visibility of Proxy element for: DefaultElementLocator 'By.id: FFSOnHoldQueTable' (tried for 30 second(s) with 500 milliseconds interval)
at com.adjudication.test.ffsProfessional.FFSProOnHoldGridSearchTest.ffsProOnHoldGridSearchTest(FFSProOnHoldGridSearchTest.java:113)
at java.util.ArrayList.forEach(ArrayList.java:1259)
at java.util.concurrent.FutureTask.run(FutureTask.java:266)
at java.util.concurrent.ThreadPoolExecutor.runWorker(ThreadPoolExecutor.java:1149)
at java.util.concurrent.ThreadPoolExecutor$Worker.run(ThreadPoolExecutor.java:624)
at java.lang.Thread.run(Thread.java:748)
... Removed 19 stack frames]]>
    </failure>
  </testcase> <!-- ffsProOnHoldGridSearchTest -->
</testsuite> <!-- FFSProOnHoldGridSearch(failed) -->
