<?xml version="1.0" encoding="UTF-8"?>
<!-- Generated by org.testng.reporters.JUnitXMLReporter -->
<testsuite hostname="MIBLR-LP0015" ignored="0" name="Test" tests="1" failures="0" timestamp="2021-03-02T20:43:12 IST" time="0.306" errors="0">
  <testcase name="@BeforeMethod setUp" time="0.219" classname="claimslite.Testexe">
    <failure type="java.lang.NullPointerException">
      <![CDATA[java.lang.NullPointerException
at com.claimslite.utils.MyLogger.logError(MyLogger.java:28)
at com.claimslite.base.TestBase.setUp(TestBase.java:59)
at claimslite.Testexe.setUp(Testexe.java:18)
at java.util.ArrayList.forEach(Unknown Source)
... Removed 31 stack frames]]>
    </failure>
  </testcase> <!-- @BeforeMethod setUp -->
  <testcase name="check" time="0.0" classname="claimslite.Testexe">
    <skipped/>
  </testcase> <!-- check -->
</testsuite> <!-- Test -->
