<?xml version="1.0" encoding="UTF-8"?>
<!-- Generated by org.testng.reporters.JUnitXMLReporter -->
<testsuite hostname="MIBLR-LP0015" ignored="5" name="Login" tests="1" failures="0" timestamp="2021-03-03T20:03:00 IST" time="20.675" errors="0">
  <testcase name="loginWithValidCred" time="13.207" classname="com.clamislite.test.login.LoginTest"/>
  <testcase name="loginWithOutUsername" time="0.0" classname="com.clamislite.test.login.LoginTest">
    <ignored/>
  </testcase> <!-- loginWithOutUsername -->
  <testcase name="loginWithIncorrectEmailAdd" time="0.0" classname="com.clamislite.test.login.LoginTest">
    <ignored/>
  </testcase> <!-- loginWithIncorrectEmailAdd -->
  <testcase name="loginWithOutPassword" time="0.0" classname="com.clamislite.test.login.LoginTest">
    <ignored/>
  </testcase> <!-- loginWithOutPassword -->
  <testcase name="loginWithEmptyFields" time="0.0" classname="com.clamislite.test.login.LoginTest">
    <ignored/>
  </testcase> <!-- loginWithEmptyFields -->
  <testcase name="loginWithInvalidCred" time="0.0" classname="com.clamislite.test.login.LoginTest">
    <ignored/>
  </testcase> <!-- loginWithInvalidCred -->
</testsuite> <!-- Login -->
