<?xml version="1.0" encoding="UTF-8"?>
<!-- Generated by org.testng.reporters.JUnitXMLReporter -->
<testsuite hostname="MIBLR-LP0015" ignored="0" name="Default test" tests="2" failures="0" timestamp="2021-04-15T14:49:49 IST" time="69.742" errors="0">
  <testcase name="moveToApproveFromFFSProPendNegTC" time="22.862" classname="com.adjudication.test.viewclaims.ffsprofessional.pend.ViewClaimsFromFFSProDeny"/>
  <testcase name="moveToDenyFromFFSProPendPositiveTC" time="28.271" classname="com.adjudication.test.viewclaims.ffsprofessional.pend.ViewClaimsFromFFSProDeny"/>
</testsuite> <!-- Default test -->
